$ cargo fmt --check && cargo clippy
warning: unused import: `tracing::info`
 --> src/net/listener.rs:3:5
  |
3 | use tracing::info;
  |     ^^^^^^^^^^^^^
  |
  = note: `#[warn(unused_imports)]` on by default

warning: unused import: `info`
 --> src/net/os/macos.rs:4:15
  |
4 | use tracing::{info, warn};
  |               ^^^^

warning: unused import: `tracing::Level`
  --> src/main.rs:80:9
   |
80 |     use tracing::Level;
   |         ^^^^^^^^^^^^^^

warning: method `snapshot` is never used
  --> src/logging.rs:26:12
   |
17 | impl LogBuffer {
   | -------------- method in this implementation
...
26 |     pub fn snapshot(&self) -> Vec<String> {
   |            ^^^^^^^^
   |
   = note: `#[warn(dead_code)]` on by default

warning: static `SESSIONS_TOTAL` is never used
  --> src/metrics/mod.rs:13:12
   |
13 | pub static SESSIONS_TOTAL: Lazy<IntCounter> = Lazy::new(|| {
   |            ^^^^^^^^^^^^^^

warning: static `PEERS_REGISTERED` is never used
  --> src/metrics/mod.rs:27:12
   |
27 | pub static PEERS_REGISTERED: Lazy<IntGauge> = Lazy::new(|| {
   |            ^^^^^^^^^^^^^^^^

warning: static `AUTH_FAILURES` is never used
  --> src/metrics/mod.rs:57:12
   |
57 | pub static AUTH_FAILURES: Lazy<IntCounter> = Lazy::new(|| {
   |            ^^^^^^^^^^^^^

warning: function `increment_total_sessions` is never used
  --> src/metrics/mod.rs:94:8
   |
94 | pub fn increment_total_sessions(count: usize) {
   |        ^^^^^^^^^^^^^^^^^^^^^^^^

warning: function `set_registered_peers` is never used
   --> src/metrics/mod.rs:100:8
    |
100 | pub fn set_registered_peers(total: usize) {
    |        ^^^^^^^^^^^^^^^^^^^^

warning: function `record_transfer` is never used
   --> src/metrics/mod.rs:104:8
    |
104 | pub fn record_transfer(direction: &str, bytes: u64) {
    |        ^^^^^^^^^^^^^^^

warning: function `run_udp` is never used
 --> src/net/listener.rs:5:14
  |
5 | pub async fn run_udp(port: u16) {
  |              ^^^^^^^

warning: function `handle_tcp` is never used
  --> src/net/listener.rs:16:10
   |
16 | async fn handle_tcp(mut stream: TcpStream) {
   |          ^^^^^^^^^^

warning: function `run_tcp` is never used
  --> src/net/listener.rs:21:14
   |
21 | pub async fn run_tcp(port: u16) {
   |              ^^^^^^^

warning: methods `teardown_interface` and `get_cmd_output` are never used
  --> src/net/os.rs:24:8
   |
7  | pub trait NetworkManager: Send + Sync {
   |           -------------- methods in this trait
...
24 |     fn teardown_interface(&self, iface: &str) -> Result<()>;
   |        ^^^^^^^^^^^^^^^^^^
...
27 |     fn get_cmd_output(&self, cmd: &str, args: &[&str]) -> Result<String> {
   |        ^^^^^^^^^^^^^^

warning: method `as_str` is never used
  --> src/vpn/mod.rs:19:12
   |
18 | impl VpnProtocol {
   | ---------------- method in this implementation
19 |     pub fn as_str(&self) -> &'static str {
   |            ^^^^^^

warning: method `stop` is never used
  --> src/vpn/mod.rs:40:8
   |
37 | pub trait VpnBackend: Send + Sync {
   |           ---------- method in this trait
...
40 |     fn stop(&self) -> Result<()>;
   |        ^^^^

warning: field `last_egress_by_proto` is never read
  --> src/vpn/mod.rs:60:5
   |
58 | pub struct VpnNode {
   |            ------- field in this struct
59 |     backends: Vec<Arc<dyn VpnBackend>>, // wireguard/openvpn/ipsec
60 |     last_egress_by_proto: Arc<RwLock<std::collections::HashMap<String, u64>>>,
   |     ^^^^^^^^^^^^^^^^^^^^

warning: method `stop_all` is never used
  --> src/vpn/mod.rs:91:12
   |
63 | impl VpnNode {
   | ------------ method in this implementation
...
91 |     pub fn stop_all(&self) {
   |            ^^^^^^^^

warning: fields `ike_port_main` and `ike_port_nat` are never read
  --> src/vpn/ipsec.rs:13:5
   |
12 | pub struct IpsecBackend {
   |            ------------ fields in this struct
13 |     ike_port_main: u16,
   |     ^^^^^^^^^^^^^
14 |     ike_port_nat: u16,
   |     ^^^^^^^^^^^^

warning: useless conversion to the same type: `u64`
   --> src/metrics/mod.rs:114:22
    |
114 |       let total: u64 = BYTES_TRANSFERS
    |  ______________________^
115 | |         .with_label_values(&["egress"])
116 | |         .get()
117 | |         .try_into()
    | |___________________^
    |
    = help: consider removing `.try_into()`
    = help: for further information visit https://rust-lang.github.io/rust-clippy/master/index.html#useless_conversion
    = note: `#[warn(clippy::useless_conversion)]` on by default

warning: useless conversion to the same type: `u64`
   --> src/metrics/mod.rs:168:26
    |
168 |           let total: u64 = BYTES_TRANSFERS_PROTO
    |  __________________________^
169 | |             .with_label_values(&[p, "egress"])
170 | |             .get()
171 | |             .try_into()
    | |_______________________^
    |
    = help: consider removing `.try_into()`
    = help: for further information visit https://rust-lang.github.io/rust-clippy/master/index.html#useless_conversion

warning: use of `default` to create a unit struct
  --> src/net/os.rs:86:14
   |
86 |     Box::new(PlatformNetworkManager::default())
   |              ^^^^^^^^^^^^^^^^^^^^^^-----------
   |                                    |
   |                                    help: remove this call to `default`
   |
   = help: for further information visit https://rust-lang.github.io/rust-clippy/master/index.html#default_constructed_unit_structs
   = note: `#[warn(clippy::default_constructed_unit_structs)]` on by default

warning: `vpn-server` (bin "vpn-server") generated 22 warnings (run `cargo clippy --fix --bin "vpn-server"` to apply 4 suggestions)
    Finished `dev` profile [unoptimized + debuginfo] target(s) in 0.40s
